info: component rust-std for target wasm32-unknown-unknown is up to date
warning: hiding a lifetime that's elided elsewhere is confusing
   --> rust\patch\nannou_wgpu-0.19.0\src\texture\mod.rs:214:17
    |
214 |     pub fn view(&self) -> ViewBuilder {
    |                 ^^^^^     ^^^^^^^^^^^ the same lifetime is hidden here
    |                 |
    |                 the lifetime is elided here
    |
    = help: the same lifetime is referred to in inconsistent ways, making the signature confusing
    = note: `#[warn(mismatched_lifetime_syntaxes)]` on by default
help: use `'_` for type paths
    |
214 |     pub fn view(&self) -> ViewBuilder<'_> {
    |                                      ++++

warning: hiding a lifetime that's elided elsewhere is confusing
   --> rust\patch\nannou_wgpu-0.19.0\src\texture\capturer.rs:298:21
    |
298 |     pub fn as_image(&self) -> image::SubImage<wgpu::ImageHolder<image::Rgba<u8>>> {
    |                     ^^^^^                     ^^^^^^^^^^^^^^^^^^^^^^^^^^^^^^^^^^ the same lifetime is hidden here
    |                     |
    |                     the lifetime is elided here
    |
    = help: the same lifetime is referred to in inconsistent ways, making the signature confusing
help: use `'_` for type paths
    |
298 |     pub fn as_image(&self) -> image::SubImage<wgpu::ImageHolder<'_, image::Rgba<u8>>> {
    |                                                                 +++

warning: hiding a lifetime that's elided elsewhere is confusing
   --> rust\patch\nannou_wgpu-0.19.0\src\texture\image.rs:337:31
    |
337 |     pub unsafe fn as_image<P>(&self) -> image::SubImage<ImageHolder<P>>
    |                               ^^^^^                     ^^^^^^^^^^^^^^ the same lifetime is hidden here
    |                               |
    |                               the lifetime is elided here
    |
    = help: the same lifetime is referred to in inconsistent ways, making the signature confusing
help: use `'_` for type paths
    |
337 |     pub unsafe fn as_image<P>(&self) -> image::SubImage<ImageHolder<'_, P>>
    |                                                                     +++

warning: `nannou_wgpu` (lib) generated 3 warnings (run `cargo fix --lib -p nannou_wgpu` to apply 3 suggestions)
   Compiling hot_reload v0.1.0 (D:\Documents\Projects\VC\Rust\nannou-creative-coding\rust\crates\hot_reload)
warning: dropping unsupported crate type `dylib` for target `wasm32-unknown-unknown`

warning: `hot_reload` (lib) generated 1 warning
   Compiling nannou-creative-coding-web v0.1.0 (D:\Documents\Projects\VC\Rust\nannou-creative-coding\rust\crates\web)
    Finished `release` profile [optimized] target(s) in 1.50s
warning: the following packages contain code that will be rejected by a future version of Rust: noise v0.7.0
note: to see what the problems were, use the option `--future-incompat-report`, or run `cargo report future-incompatibilities --id 1`
127.0.0.1 - - [20/May/2026 15:25:15] "GET / HTTP/1.1" 200 -
127.0.0.1 - - [20/May/2026 15:25:15] "GET /pkg/nannou_creative_coding_web.js HTTP/1.1" 200 -
127.0.0.1 - - [20/May/2026 15:25:15] "GET /pkg/nannou_creative_coding_web_bg.wasm HTTP/1.1" 200 -
